<?xml version="1.0" encoding="UTF-8"?>
<!-- Generated by org.testng.reporters.JUnitReportReporter -->
<testsuite hostname="Varun" failures="0" tests="1" name="com.crm.ContactTests.ReadDataTest" time="0.013" errors="0" timestamp="2022-03-14T16:35:10 IST" skipped="0">
  <testcase classname="com.crm.ContactTests.ReadDataTest" name="readdatatest" time="0.013"/>
  <system-out/>
</testsuite> <!-- com.crm.ContactTests.ReadDataTest -->
